  [1m[36m (4.3ms)[0m  [1mCREATE TABLE "schema_migrations" ("version" character varying NOT NULL) [0m
  [1m[35m (2.9ms)[0m  CREATE UNIQUE INDEX  "unique_schema_migrations" ON "schema_migrations"  ("version")
  [1m[36mActiveRecord::SchemaMigration Load (0.5ms)[0m  [1mSELECT "schema_migrations".* FROM "schema_migrations"[0m
Migrating to DeviseCreateUsers (20150319202054)
  [1m[35m (0.2ms)[0m  BEGIN
DEPRECATION WARNING: `#timestamp` was called without specifying an option for `null`. In Rails 5, this behavior will change to `null: false`. You should manually specify `null: true` to prevent the behavior of your existing migrations from changing. (called from block in change at /Users/David/Dropbox/challenges/launchtails-routing/db/migrate/20150319202054_devise_create_users.rb:34)
  [1m[36m (6.4ms)[0m  [1mCREATE TABLE "users" ("id" serial primary key, "email" character varying DEFAULT '' NOT NULL, "encrypted_password" character varying DEFAULT '' NOT NULL, "reset_password_token" character varying, "reset_password_sent_at" timestamp, "remember_created_at" timestamp, "sign_in_count" integer DEFAULT 0 NOT NULL, "current_sign_in_at" timestamp, "last_sign_in_at" timestamp, "current_sign_in_ip" inet, "last_sign_in_ip" inet, "created_at" timestamp, "updated_at" timestamp) [0m
  [1m[35m (1.1ms)[0m  CREATE UNIQUE INDEX  "index_users_on_email" ON "users"  ("email")
  [1m[36m (1.1ms)[0m  [1mCREATE UNIQUE INDEX  "index_users_on_reset_password_token" ON "users"  ("reset_password_token")[0m
  [1m[35mSQL (0.4ms)[0m  INSERT INTO "schema_migrations" ("version") VALUES ($1)  [["version", "20150319202054"]]
  [1m[36m (0.6ms)[0m  [1mCOMMIT[0m
Migrating to CreateDrinks (20150319212337)
  [1m[35m (0.4ms)[0m  BEGIN
  [1m[36m (4.1ms)[0m  [1mCREATE TABLE "drinks" ("id" serial primary key, "title" character varying NOT NULL, "description" text, "featured" boolean DEFAULT 'f' NOT NULL, "created_at" timestamp NOT NULL, "updated_at" timestamp NOT NULL) [0m
  [1m[35m (1.1ms)[0m  CREATE UNIQUE INDEX  "index_drinks_on_title" ON "drinks"  ("title")
  [1m[36mSQL (1.0ms)[0m  [1mINSERT INTO "schema_migrations" ("version") VALUES ($1)[0m  [["version", "20150319212337"]]
  [1m[35m (3.2ms)[0m  COMMIT
  [1m[36mActiveRecord::SchemaMigration Load (0.6ms)[0m  [1mSELECT "schema_migrations".* FROM "schema_migrations"[0m
  [1m[35m (4.2ms)[0m  SELECT t2.oid::regclass::text AS to_table, a1.attname AS column, a2.attname AS primary_key, c.conname AS name, c.confupdtype AS on_update, c.confdeltype AS on_delete
FROM pg_constraint c
JOIN pg_class t1 ON c.conrelid = t1.oid
JOIN pg_class t2 ON c.confrelid = t2.oid
JOIN pg_attribute a1 ON a1.attnum = c.conkey[1] AND a1.attrelid = t1.oid
JOIN pg_attribute a2 ON a2.attnum = c.confkey[1] AND a2.attrelid = t2.oid
JOIN pg_namespace t3 ON c.connamespace = t3.oid
WHERE c.contype = 'f'
  AND t1.relname = 'drinks'
  AND t3.nspname = ANY (current_schemas(false))
ORDER BY c.conname

  [1m[36m (4.0ms)[0m  [1mSELECT t2.oid::regclass::text AS to_table, a1.attname AS column, a2.attname AS primary_key, c.conname AS name, c.confupdtype AS on_update, c.confdeltype AS on_delete
FROM pg_constraint c
JOIN pg_class t1 ON c.conrelid = t1.oid
JOIN pg_class t2 ON c.confrelid = t2.oid
JOIN pg_attribute a1 ON a1.attnum = c.conkey[1] AND a1.attrelid = t1.oid
JOIN pg_attribute a2 ON a2.attnum = c.confkey[1] AND a2.attrelid = t2.oid
JOIN pg_namespace t3 ON c.connamespace = t3.oid
WHERE c.contype = 'f'
  AND t1.relname = 'users'
  AND t3.nspname = ANY (current_schemas(false))
ORDER BY c.conname
[0m
  [1m[35m (115.8ms)[0m  DROP DATABASE IF EXISTS "launchtails_test"
  [1m[36m (247.2ms)[0m  [1mCREATE DATABASE "launchtails_test" ENCODING = 'unicode'[0m
  [1m[35mSQL (2.5ms)[0m  CREATE EXTENSION IF NOT EXISTS "plpgsql"
  [1m[36m (8.9ms)[0m  [1mCREATE TABLE "drinks" ("id" serial primary key, "title" character varying NOT NULL, "description" text, "featured" boolean DEFAULT 'f' NOT NULL, "created_at" timestamp NOT NULL, "updated_at" timestamp NOT NULL) [0m
  [1m[35m (1.7ms)[0m  CREATE UNIQUE INDEX  "index_drinks_on_title" ON "drinks" USING btree ("title")
  [1m[36m (5.2ms)[0m  [1mCREATE TABLE "users" ("id" serial primary key, "email" character varying DEFAULT '' NOT NULL, "encrypted_password" character varying DEFAULT '' NOT NULL, "reset_password_token" character varying, "reset_password_sent_at" timestamp, "remember_created_at" timestamp, "sign_in_count" integer DEFAULT 0 NOT NULL, "current_sign_in_at" timestamp, "last_sign_in_at" timestamp, "current_sign_in_ip" inet, "last_sign_in_ip" inet, "created_at" timestamp, "updated_at" timestamp) [0m
  [1m[35m (1.5ms)[0m  CREATE UNIQUE INDEX  "index_users_on_email" ON "users" USING btree ("email")
  [1m[36m (1.5ms)[0m  [1mCREATE UNIQUE INDEX  "index_users_on_reset_password_token" ON "users" USING btree ("reset_password_token")[0m
  [1m[35m (2.5ms)[0m  CREATE TABLE "schema_migrations" ("version" character varying NOT NULL) 
  [1m[36m (1.3ms)[0m  [1mCREATE UNIQUE INDEX  "unique_schema_migrations" ON "schema_migrations"  ("version")[0m
  [1m[35m (0.5ms)[0m  SELECT version FROM "schema_migrations"
  [1m[36m (1.1ms)[0m  [1mINSERT INTO "schema_migrations" (version) VALUES ('20150319212337')[0m
  [1m[35m (0.5ms)[0m  INSERT INTO "schema_migrations" (version) VALUES ('20150319202054')


Started GET "/" for ::1 at 2015-03-22 21:15:21 -0400
  [1m[36mActiveRecord::SchemaMigration Load (1.4ms)[0m  [1mSELECT "schema_migrations".* FROM "schema_migrations"[0m
Processing by HomesController#index as HTML
  Rendered homes/index.html.erb within layouts/application (1.6ms)
Completed 200 OK in 6846ms (Views: 6844.9ms | ActiveRecord: 0.0ms)


Started GET "/" for ::1 at 2015-03-22 21:15:28 -0400
Processing by HomesController#index as HTML
  Rendered homes/index.html.erb within layouts/application (0.1ms)
Completed 200 OK in 177ms (Views: 176.6ms | ActiveRecord: 0.0ms)


Started GET "/assets/foundation_and_overrides-80d8046ac39f68683fb30a647bd57507.css?body=1" for ::1 at 2015-03-22 21:15:29 -0400


Started GET "/assets/application-be65a649e5ce83b149adf6c6bcff9079.css?body=1" for ::1 at 2015-03-22 21:15:29 -0400


Started GET "/assets/scaffolds-d257664652d4ba877269c0ee0fd56183.css?body=1" for ::1 at 2015-03-22 21:15:29 -0400


Started GET "/assets/jquery-87424c3c19e96d4fb033c10ebe21ec40.js?body=1" for ::1 at 2015-03-22 21:15:29 -0400


Started GET "/assets/foundation/foundation-013a9ecfcbd0d277665f83c66e076e18.js?body=1" for ::1 at 2015-03-22 21:15:29 -0400


Started GET "/assets/foundation/foundation.abide-cecd3b8dfdb9535c145e3160cca57cae.js?body=1" for ::1 at 2015-03-22 21:15:29 -0400


Started GET "/assets/foundation/foundation.accordion-07d483c126d868809345e4abbcfd54a5.js?body=1" for ::1 at 2015-03-22 21:15:29 -0400


Started GET "/assets/foundation/foundation.alert-e54c2d9000574a39e07b2e6ede6ae0f6.js?body=1" for ::1 at 2015-03-22 21:15:29 -0400


Started GET "/assets/foundation/foundation.clearing-b0828edefaad3278cd85c2faf6fd20ef.js?body=1" for ::1 at 2015-03-22 21:15:29 -0400


Started GET "/assets/foundation/foundation.dropdown-c6b22cf8e5474c59dc0bc19e2d290da5.js?body=1" for ::1 at 2015-03-22 21:15:29 -0400


Started GET "/assets/foundation/foundation.interchange-adf4ca4cb9a1f36677701d7d06489ead.js?body=1" for ::1 at 2015-03-22 21:15:29 -0400


Started GET "/assets/foundation/foundation.joyride-7f23c30298ef55f2db505f357bd4a799.js?body=1" for ::1 at 2015-03-22 21:15:29 -0400


Started GET "/assets/foundation/foundation.magellan-8cd3c13f48f6d78fb172bb5200551918.js?body=1" for ::1 at 2015-03-22 21:15:29 -0400


Started GET "/assets/foundation/foundation.offcanvas-0c2112e52f2de840e27058c4912dd869.js?body=1" for ::1 at 2015-03-22 21:15:29 -0400


Started GET "/assets/foundation/foundation.orbit-925ec65dcf6be03dd5c7a1d472845b27.js?body=1" for ::1 at 2015-03-22 21:15:29 -0400


Started GET "/assets/foundation/foundation.reveal-7bd8d9ca180151af16ff7678033f8212.js?body=1" for ::1 at 2015-03-22 21:15:29 -0400


Started GET "/assets/foundation/foundation.slider-66a6fcccc01097ba84b9e9fb84a429ef.js?body=1" for ::1 at 2015-03-22 21:15:29 -0400


Started GET "/assets/foundation/foundation.tab-0d9dd6504af28bc75bdb999fbb120872.js?body=1" for ::1 at 2015-03-22 21:15:29 -0400


Started GET "/assets/foundation/foundation.tooltip-5214a0ecffb0be84dc9247c31455ef50.js?body=1" for ::1 at 2015-03-22 21:15:29 -0400


Started GET "/assets/foundation/foundation.topbar-ba04adaaf787a047a2bc9195842bb938.js?body=1" for ::1 at 2015-03-22 21:15:29 -0400


Started GET "/assets/foundation/foundation.equalizer-b93ba11c4146c58dd7d95ba14769e640.js?body=1" for ::1 at 2015-03-22 21:15:29 -0400


Started GET "/assets/application-7b0fcdfa40208ffc00053de20a565c53.js?body=1" for ::1 at 2015-03-22 21:15:29 -0400


Started GET "/assets/jquery_ujs-e27bd20a10d28155845a22d71ef94f2f.js?body=1" for ::1 at 2015-03-22 21:15:29 -0400


Started GET "/assets/foundation-cf9c2be01a146b330f05b712f6779903.js?body=1" for ::1 at 2015-03-22 21:15:29 -0400


Started GET "/" for ::1 at 2015-03-22 21:20:12 -0400
Processing by DrinksController#index as HTML
  [1m[35m (1.9ms)[0m  SELECT COUNT(count_column) FROM (SELECT  1 AS count_column FROM "drinks" LIMIT 25 OFFSET 0) subquery_for_count
  Rendered drinks/index.html.erb within layouts/application (12.1ms)
Completed 200 OK in 108ms (Views: 101.0ms | ActiveRecord: 4.4ms)


Started GET "/assets/scaffolds-d257664652d4ba877269c0ee0fd56183.css?body=1" for ::1 at 2015-03-22 21:20:12 -0400


Started GET "/assets/foundation_and_overrides-80d8046ac39f68683fb30a647bd57507.css?body=1" for ::1 at 2015-03-22 21:20:12 -0400


Started GET "/assets/application-be65a649e5ce83b149adf6c6bcff9079.css?body=1" for ::1 at 2015-03-22 21:20:12 -0400


Started GET "/assets/jquery-87424c3c19e96d4fb033c10ebe21ec40.js?body=1" for ::1 at 2015-03-22 21:20:12 -0400


Started GET "/assets/foundation/foundation.abide-cecd3b8dfdb9535c145e3160cca57cae.js?body=1" for ::1 at 2015-03-22 21:20:12 -0400


Started GET "/assets/foundation/foundation.accordion-07d483c126d868809345e4abbcfd54a5.js?body=1" for ::1 at 2015-03-22 21:20:12 -0400


Started GET "/assets/foundation/foundation.alert-e54c2d9000574a39e07b2e6ede6ae0f6.js?body=1" for ::1 at 2015-03-22 21:20:12 -0400


Started GET "/assets/foundation/foundation.clearing-b0828edefaad3278cd85c2faf6fd20ef.js?body=1" for ::1 at 2015-03-22 21:20:12 -0400


Started GET "/assets/jquery_ujs-e27bd20a10d28155845a22d71ef94f2f.js?body=1" for ::1 at 2015-03-22 21:20:12 -0400


Started GET "/assets/foundation/foundation-013a9ecfcbd0d277665f83c66e076e18.js?body=1" for ::1 at 2015-03-22 21:20:12 -0400


Started GET "/assets/foundation/foundation.dropdown-c6b22cf8e5474c59dc0bc19e2d290da5.js?body=1" for ::1 at 2015-03-22 21:20:12 -0400


Started GET "/assets/foundation/foundation.joyride-7f23c30298ef55f2db505f357bd4a799.js?body=1" for ::1 at 2015-03-22 21:20:13 -0400


Started GET "/assets/foundation/foundation.interchange-adf4ca4cb9a1f36677701d7d06489ead.js?body=1" for ::1 at 2015-03-22 21:20:13 -0400


Started GET "/assets/foundation/foundation.magellan-8cd3c13f48f6d78fb172bb5200551918.js?body=1" for ::1 at 2015-03-22 21:20:13 -0400


Started GET "/assets/foundation/foundation.offcanvas-0c2112e52f2de840e27058c4912dd869.js?body=1" for ::1 at 2015-03-22 21:20:13 -0400


Started GET "/assets/foundation/foundation.reveal-7bd8d9ca180151af16ff7678033f8212.js?body=1" for ::1 at 2015-03-22 21:20:13 -0400


Started GET "/assets/foundation/foundation.slider-66a6fcccc01097ba84b9e9fb84a429ef.js?body=1" for ::1 at 2015-03-22 21:20:13 -0400


Started GET "/assets/foundation/foundation.orbit-925ec65dcf6be03dd5c7a1d472845b27.js?body=1" for ::1 at 2015-03-22 21:20:13 -0400


Started GET "/assets/foundation/foundation.tab-0d9dd6504af28bc75bdb999fbb120872.js?body=1" for ::1 at 2015-03-22 21:20:13 -0400


Started GET "/assets/foundation/foundation.tooltip-5214a0ecffb0be84dc9247c31455ef50.js?body=1" for ::1 at 2015-03-22 21:20:13 -0400


Started GET "/assets/foundation/foundation.topbar-ba04adaaf787a047a2bc9195842bb938.js?body=1" for ::1 at 2015-03-22 21:20:13 -0400


Started GET "/assets/foundation/foundation.equalizer-b93ba11c4146c58dd7d95ba14769e640.js?body=1" for ::1 at 2015-03-22 21:20:13 -0400


Started GET "/assets/application-7b0fcdfa40208ffc00053de20a565c53.js?body=1" for ::1 at 2015-03-22 21:20:13 -0400


Started GET "/assets/foundation-cf9c2be01a146b330f05b712f6779903.js?body=1" for ::1 at 2015-03-22 21:20:13 -0400


Started GET "/" for ::1 at 2015-03-22 21:33:12 -0400
Processing by DrinksController#index as HTML
  [1m[36m (0.7ms)[0m  [1mSELECT COUNT(count_column) FROM (SELECT  1 AS count_column FROM "drinks" LIMIT 25 OFFSET 0) subquery_for_count[0m
  Rendered drinks/index.html.erb within layouts/application (9.8ms)
Completed 200 OK in 229ms (Views: 220.2ms | ActiveRecord: 3.0ms)


Started GET "/assets/foundation_and_overrides-80d8046ac39f68683fb30a647bd57507.css?body=1" for ::1 at 2015-03-22 21:33:12 -0400


Started GET "/assets/scaffolds-d257664652d4ba877269c0ee0fd56183.css?body=1" for ::1 at 2015-03-22 21:33:12 -0400


Started GET "/assets/foundation/foundation.accordion-07d483c126d868809345e4abbcfd54a5.js?body=1" for ::1 at 2015-03-22 21:33:12 -0400


Started GET "/assets/application-be65a649e5ce83b149adf6c6bcff9079.css?body=1" for ::1 at 2015-03-22 21:33:12 -0400


Started GET "/assets/jquery-87424c3c19e96d4fb033c10ebe21ec40.js?body=1" for ::1 at 2015-03-22 21:33:12 -0400


Started GET "/assets/foundation/foundation.abide-cecd3b8dfdb9535c145e3160cca57cae.js?body=1" for ::1 at 2015-03-22 21:33:12 -0400


Started GET "/assets/jquery_ujs-e27bd20a10d28155845a22d71ef94f2f.js?body=1" for ::1 at 2015-03-22 21:33:12 -0400


Started GET "/assets/foundation/foundation-013a9ecfcbd0d277665f83c66e076e18.js?body=1" for ::1 at 2015-03-22 21:33:12 -0400


Started GET "/assets/foundation/foundation.clearing-b0828edefaad3278cd85c2faf6fd20ef.js?body=1" for ::1 at 2015-03-22 21:33:12 -0400


Started GET "/assets/foundation/foundation.dropdown-c6b22cf8e5474c59dc0bc19e2d290da5.js?body=1" for ::1 at 2015-03-22 21:33:12 -0400


Started GET "/assets/foundation/foundation.joyride-7f23c30298ef55f2db505f357bd4a799.js?body=1" for ::1 at 2015-03-22 21:33:12 -0400


Started GET "/assets/foundation/foundation.alert-e54c2d9000574a39e07b2e6ede6ae0f6.js?body=1" for ::1 at 2015-03-22 21:33:12 -0400


Started GET "/assets/foundation/foundation.reveal-7bd8d9ca180151af16ff7678033f8212.js?body=1" for ::1 at 2015-03-22 21:33:12 -0400


Started GET "/assets/foundation/foundation.magellan-8cd3c13f48f6d78fb172bb5200551918.js?body=1" for ::1 at 2015-03-22 21:33:12 -0400


Started GET "/assets/foundation/foundation.interchange-adf4ca4cb9a1f36677701d7d06489ead.js?body=1" for ::1 at 2015-03-22 21:33:12 -0400


Started GET "/assets/foundation/foundation.slider-66a6fcccc01097ba84b9e9fb84a429ef.js?body=1" for ::1 at 2015-03-22 21:33:12 -0400


Started GET "/assets/foundation/foundation.offcanvas-0c2112e52f2de840e27058c4912dd869.js?body=1" for ::1 at 2015-03-22 21:33:12 -0400


Started GET "/assets/foundation/foundation.orbit-925ec65dcf6be03dd5c7a1d472845b27.js?body=1" for ::1 at 2015-03-22 21:33:12 -0400


Started GET "/assets/foundation/foundation.tab-0d9dd6504af28bc75bdb999fbb120872.js?body=1" for ::1 at 2015-03-22 21:33:12 -0400


Started GET "/assets/foundation-cf9c2be01a146b330f05b712f6779903.js?body=1" for ::1 at 2015-03-22 21:33:12 -0400


Started GET "/assets/foundation/foundation.equalizer-b93ba11c4146c58dd7d95ba14769e640.js?body=1" for ::1 at 2015-03-22 21:33:12 -0400


Started GET "/assets/foundation/foundation.tooltip-5214a0ecffb0be84dc9247c31455ef50.js?body=1" for ::1 at 2015-03-22 21:33:12 -0400


Started GET "/assets/application-7b0fcdfa40208ffc00053de20a565c53.js?body=1" for ::1 at 2015-03-22 21:33:12 -0400


Started GET "/assets/foundation/foundation.topbar-ba04adaaf787a047a2bc9195842bb938.js?body=1" for ::1 at 2015-03-22 21:33:12 -0400


Started GET "/drinks/new" for ::1 at 2015-03-22 21:33:18 -0400
Processing by DrinksController#new as HTML
  Rendered drinks/new.html.erb within layouts/application (24.8ms)
Completed 200 OK in 161ms (Views: 151.0ms | ActiveRecord: 5.3ms)


Started GET "/assets/scaffolds-d257664652d4ba877269c0ee0fd56183.css?body=1" for ::1 at 2015-03-22 21:33:18 -0400


Started GET "/assets/foundation_and_overrides-80d8046ac39f68683fb30a647bd57507.css?body=1" for ::1 at 2015-03-22 21:33:18 -0400


Started GET "/assets/jquery-87424c3c19e96d4fb033c10ebe21ec40.js?body=1" for ::1 at 2015-03-22 21:33:18 -0400


Started GET "/assets/jquery_ujs-e27bd20a10d28155845a22d71ef94f2f.js?body=1" for ::1 at 2015-03-22 21:33:18 -0400


Started GET "/assets/foundation/foundation-013a9ecfcbd0d277665f83c66e076e18.js?body=1" for ::1 at 2015-03-22 21:33:18 -0400


Started GET "/assets/application-be65a649e5ce83b149adf6c6bcff9079.css?body=1" for ::1 at 2015-03-22 21:33:18 -0400


Started GET "/assets/foundation/foundation.abide-cecd3b8dfdb9535c145e3160cca57cae.js?body=1" for ::1 at 2015-03-22 21:33:18 -0400


Started GET "/assets/foundation/foundation.accordion-07d483c126d868809345e4abbcfd54a5.js?body=1" for ::1 at 2015-03-22 21:33:18 -0400


Started GET "/assets/foundation/foundation.alert-e54c2d9000574a39e07b2e6ede6ae0f6.js?body=1" for ::1 at 2015-03-22 21:33:18 -0400


Started GET "/assets/foundation/foundation.clearing-b0828edefaad3278cd85c2faf6fd20ef.js?body=1" for ::1 at 2015-03-22 21:33:19 -0400


Started GET "/assets/foundation/foundation.dropdown-c6b22cf8e5474c59dc0bc19e2d290da5.js?body=1" for ::1 at 2015-03-22 21:33:19 -0400


Started GET "/assets/foundation/foundation.interchange-adf4ca4cb9a1f36677701d7d06489ead.js?body=1" for ::1 at 2015-03-22 21:33:19 -0400


Started GET "/assets/foundation/foundation.joyride-7f23c30298ef55f2db505f357bd4a799.js?body=1" for ::1 at 2015-03-22 21:33:19 -0400


Started GET "/assets/foundation/foundation.magellan-8cd3c13f48f6d78fb172bb5200551918.js?body=1" for ::1 at 2015-03-22 21:33:19 -0400


Started GET "/assets/foundation/foundation.offcanvas-0c2112e52f2de840e27058c4912dd869.js?body=1" for ::1 at 2015-03-22 21:33:19 -0400


Started GET "/assets/foundation/foundation.orbit-925ec65dcf6be03dd5c7a1d472845b27.js?body=1" for ::1 at 2015-03-22 21:33:19 -0400


Started GET "/assets/foundation/foundation.reveal-7bd8d9ca180151af16ff7678033f8212.js?body=1" for ::1 at 2015-03-22 21:33:19 -0400


Started GET "/assets/foundation/foundation.slider-66a6fcccc01097ba84b9e9fb84a429ef.js?body=1" for ::1 at 2015-03-22 21:33:19 -0400


Started GET "/assets/foundation/foundation.tab-0d9dd6504af28bc75bdb999fbb120872.js?body=1" for ::1 at 2015-03-22 21:33:19 -0400


Started GET "/assets/foundation/foundation.tooltip-5214a0ecffb0be84dc9247c31455ef50.js?body=1" for ::1 at 2015-03-22 21:33:19 -0400


Started GET "/assets/foundation/foundation.topbar-ba04adaaf787a047a2bc9195842bb938.js?body=1" for ::1 at 2015-03-22 21:33:19 -0400


Started GET "/assets/foundation/foundation.equalizer-b93ba11c4146c58dd7d95ba14769e640.js?body=1" for ::1 at 2015-03-22 21:33:19 -0400


Started GET "/assets/foundation-cf9c2be01a146b330f05b712f6779903.js?body=1" for ::1 at 2015-03-22 21:33:19 -0400


Started GET "/assets/application-7b0fcdfa40208ffc00053de20a565c53.js?body=1" for ::1 at 2015-03-22 21:33:19 -0400


Started POST "/drinks" for ::1 at 2015-03-22 21:33:22 -0400
Processing by DrinksController#index as HTML
  Parameters: {"utf8"=>"✓", "authenticity_token"=>"dqdB62h8tui9CmazQ5bOVtygNTXRTniJ2icyYYGIF1TZei6lzdMzEcQ/0gY7LE4pwsKGboV9RnBt44obZCDQZg==", "drink"=>{"title"=>"a", "description"=>"a"}, "commit"=>"Add Drink"}
  [1m[35m (0.5ms)[0m  SELECT COUNT(count_column) FROM (SELECT  1 AS count_column FROM "drinks" LIMIT 25 OFFSET 0) subquery_for_count
  Rendered drinks/index.html.erb within layouts/application (2.2ms)
Completed 200 OK in 169ms (Views: 167.3ms | ActiveRecord: 0.5ms)


Started GET "/assets/foundation_and_overrides-80d8046ac39f68683fb30a647bd57507.css?body=1" for ::1 at 2015-03-22 21:33:23 -0400


Started GET "/assets/scaffolds-d257664652d4ba877269c0ee0fd56183.css?body=1" for ::1 at 2015-03-22 21:33:23 -0400


Started GET "/assets/jquery_ujs-e27bd20a10d28155845a22d71ef94f2f.js?body=1" for ::1 at 2015-03-22 21:33:23 -0400


Started GET "/assets/application-be65a649e5ce83b149adf6c6bcff9079.css?body=1" for ::1 at 2015-03-22 21:33:23 -0400


Started GET "/assets/jquery-87424c3c19e96d4fb033c10ebe21ec40.js?body=1" for ::1 at 2015-03-22 21:33:23 -0400


Started GET "/assets/foundation/foundation-013a9ecfcbd0d277665f83c66e076e18.js?body=1" for ::1 at 2015-03-22 21:33:23 -0400


Started GET "/assets/foundation/foundation.abide-cecd3b8dfdb9535c145e3160cca57cae.js?body=1" for ::1 at 2015-03-22 21:33:23 -0400


Started GET "/assets/foundation/foundation.accordion-07d483c126d868809345e4abbcfd54a5.js?body=1" for ::1 at 2015-03-22 21:33:23 -0400


Started GET "/assets/foundation/foundation.alert-e54c2d9000574a39e07b2e6ede6ae0f6.js?body=1" for ::1 at 2015-03-22 21:33:23 -0400


Started GET "/assets/foundation/foundation.clearing-b0828edefaad3278cd85c2faf6fd20ef.js?body=1" for ::1 at 2015-03-22 21:33:23 -0400


Started GET "/assets/foundation/foundation.dropdown-c6b22cf8e5474c59dc0bc19e2d290da5.js?body=1" for ::1 at 2015-03-22 21:33:23 -0400


Started GET "/assets/foundation/foundation.interchange-adf4ca4cb9a1f36677701d7d06489ead.js?body=1" for ::1 at 2015-03-22 21:33:23 -0400


Started GET "/assets/foundation/foundation.joyride-7f23c30298ef55f2db505f357bd4a799.js?body=1" for ::1 at 2015-03-22 21:33:23 -0400


Started GET "/assets/foundation/foundation.magellan-8cd3c13f48f6d78fb172bb5200551918.js?body=1" for ::1 at 2015-03-22 21:33:23 -0400


Started GET "/assets/foundation/foundation.offcanvas-0c2112e52f2de840e27058c4912dd869.js?body=1" for ::1 at 2015-03-22 21:33:23 -0400


Started GET "/assets/foundation/foundation.orbit-925ec65dcf6be03dd5c7a1d472845b27.js?body=1" for ::1 at 2015-03-22 21:33:23 -0400


Started GET "/assets/foundation/foundation.reveal-7bd8d9ca180151af16ff7678033f8212.js?body=1" for ::1 at 2015-03-22 21:33:23 -0400


Started GET "/assets/foundation/foundation.slider-66a6fcccc01097ba84b9e9fb84a429ef.js?body=1" for ::1 at 2015-03-22 21:33:23 -0400


Started GET "/assets/foundation/foundation.tab-0d9dd6504af28bc75bdb999fbb120872.js?body=1" for ::1 at 2015-03-22 21:33:23 -0400


Started GET "/assets/foundation/foundation.tooltip-5214a0ecffb0be84dc9247c31455ef50.js?body=1" for ::1 at 2015-03-22 21:33:23 -0400


Started GET "/assets/foundation/foundation.topbar-ba04adaaf787a047a2bc9195842bb938.js?body=1" for ::1 at 2015-03-22 21:33:23 -0400


Started GET "/assets/foundation/foundation.equalizer-b93ba11c4146c58dd7d95ba14769e640.js?body=1" for ::1 at 2015-03-22 21:33:23 -0400


Started GET "/assets/foundation-cf9c2be01a146b330f05b712f6779903.js?body=1" for ::1 at 2015-03-22 21:33:23 -0400


Started GET "/assets/application-7b0fcdfa40208ffc00053de20a565c53.js?body=1" for ::1 at 2015-03-22 21:33:23 -0400


Started GET "/" for ::1 at 2015-03-22 21:53:23 -0400

ActionController::RoutingError (uninitialized constant FeatureddrinksController):
  activesupport (4.2.0) lib/active_support/inflector/methods.rb:261:in `const_get'
  activesupport (4.2.0) lib/active_support/inflector/methods.rb:261:in `block in constantize'
  activesupport (4.2.0) lib/active_support/inflector/methods.rb:259:in `each'
  activesupport (4.2.0) lib/active_support/inflector/methods.rb:259:in `inject'
  activesupport (4.2.0) lib/active_support/inflector/methods.rb:259:in `constantize'
  actionpack (4.2.0) lib/action_dispatch/routing/route_set.rb:69:in `controller_reference'
  actionpack (4.2.0) lib/action_dispatch/routing/route_set.rb:59:in `controller'
  actionpack (4.2.0) lib/action_dispatch/routing/route_set.rb:38:in `serve'
  actionpack (4.2.0) lib/action_dispatch/journey/router.rb:43:in `block in serve'
  actionpack (4.2.0) lib/action_dispatch/journey/router.rb:30:in `each'
  actionpack (4.2.0) lib/action_dispatch/journey/router.rb:30:in `serve'
  actionpack (4.2.0) lib/action_dispatch/routing/route_set.rb:802:in `call'
  warden (1.2.3) lib/warden/manager.rb:35:in `block in call'
  warden (1.2.3) lib/warden/manager.rb:34:in `catch'
  warden (1.2.3) lib/warden/manager.rb:34:in `call'
  rack (1.6.0) lib/rack/etag.rb:24:in `call'
  rack (1.6.0) lib/rack/conditionalget.rb:25:in `call'
  rack (1.6.0) lib/rack/head.rb:13:in `call'
  actionpack (4.2.0) lib/action_dispatch/middleware/params_parser.rb:27:in `call'
  actionpack (4.2.0) lib/action_dispatch/middleware/flash.rb:260:in `call'
  rack (1.6.0) lib/rack/session/abstract/id.rb:225:in `context'
  rack (1.6.0) lib/rack/session/abstract/id.rb:220:in `call'
  actionpack (4.2.0) lib/action_dispatch/middleware/cookies.rb:560:in `call'
  activerecord (4.2.0) lib/active_record/query_cache.rb:36:in `call'
  activerecord (4.2.0) lib/active_record/connection_adapters/abstract/connection_pool.rb:647:in `call'
  activerecord (4.2.0) lib/active_record/migration.rb:378:in `call'
  actionpack (4.2.0) lib/action_dispatch/middleware/callbacks.rb:29:in `block in call'
  activesupport (4.2.0) lib/active_support/callbacks.rb:88:in `call'
  activesupport (4.2.0) lib/active_support/callbacks.rb:88:in `_run_callbacks'
  activesupport (4.2.0) lib/active_support/callbacks.rb:734:in `_run_call_callbacks'
  activesupport (4.2.0) lib/active_support/callbacks.rb:81:in `run_callbacks'
  actionpack (4.2.0) lib/action_dispatch/middleware/callbacks.rb:27:in `call'
  actionpack (4.2.0) lib/action_dispatch/middleware/reloader.rb:73:in `call'
  actionpack (4.2.0) lib/action_dispatch/middleware/remote_ip.rb:78:in `call'
  actionpack (4.2.0) lib/action_dispatch/middleware/debug_exceptions.rb:17:in `call'
  web-console (2.1.2) lib/web_console/middleware.rb:37:in `call'
  actionpack (4.2.0) lib/action_dispatch/middleware/show_exceptions.rb:30:in `call'
  railties (4.2.0) lib/rails/rack/logger.rb:38:in `call_app'
  railties (4.2.0) lib/rails/rack/logger.rb:20:in `block in call'
  activesupport (4.2.0) lib/active_support/tagged_logging.rb:68:in `block in tagged'
  activesupport (4.2.0) lib/active_support/tagged_logging.rb:26:in `tagged'
  activesupport (4.2.0) lib/active_support/tagged_logging.rb:68:in `tagged'
  railties (4.2.0) lib/rails/rack/logger.rb:20:in `call'
  actionpack (4.2.0) lib/action_dispatch/middleware/request_id.rb:21:in `call'
  rack (1.6.0) lib/rack/methodoverride.rb:22:in `call'
  rack (1.6.0) lib/rack/runtime.rb:18:in `call'
  activesupport (4.2.0) lib/active_support/cache/strategy/local_cache_middleware.rb:28:in `call'
  rack (1.6.0) lib/rack/lock.rb:17:in `call'
  actionpack (4.2.0) lib/action_dispatch/middleware/static.rb:113:in `call'
  rack (1.6.0) lib/rack/sendfile.rb:113:in `call'
  railties (4.2.0) lib/rails/engine.rb:518:in `call'
  railties (4.2.0) lib/rails/application.rb:164:in `call'
  rack (1.6.0) lib/rack/lock.rb:17:in `call'
  rack (1.6.0) lib/rack/content_length.rb:15:in `call'
  rack (1.6.0) lib/rack/handler/webrick.rb:89:in `service'
  /Users/David/.rubies/ruby-2.0.0-p576/lib/ruby/2.0.0/webrick/httpserver.rb:138:in `service'
  /Users/David/.rubies/ruby-2.0.0-p576/lib/ruby/2.0.0/webrick/httpserver.rb:94:in `run'
  /Users/David/.rubies/ruby-2.0.0-p576/lib/ruby/2.0.0/webrick/server.rb:295:in `block in start_thread'


  Rendered /Users/David/.gem/ruby/2.0.0/gems/actionpack-4.2.0/lib/action_dispatch/middleware/templates/rescues/_trace.html.erb (2.0ms)
  Rendered /Users/David/.gem/ruby/2.0.0/gems/actionpack-4.2.0/lib/action_dispatch/middleware/templates/routes/_route.html.erb (1.4ms)
  Rendered /Users/David/.gem/ruby/2.0.0/gems/actionpack-4.2.0/lib/action_dispatch/middleware/templates/routes/_table.html.erb (2.5ms)
  Rendered /Users/David/.gem/ruby/2.0.0/gems/actionpack-4.2.0/lib/action_dispatch/middleware/templates/rescues/_request_and_response.html.erb (1.8ms)
  Rendered /Users/David/.gem/ruby/2.0.0/gems/actionpack-4.2.0/lib/action_dispatch/middleware/templates/rescues/routing_error.html.erb within rescues/layout (43.8ms)
  Rendered /Users/David/.gem/ruby/2.0.0/gems/web-console-2.1.2/lib/web_console/templates/_markup.html.erb (0.4ms)
  Rendered /Users/David/.gem/ruby/2.0.0/gems/web-console-2.1.2/lib/web_console/templates/style.css.erb within layouts/inlined_string (0.4ms)
  Rendered /Users/David/.gem/ruby/2.0.0/gems/web-console-2.1.2/lib/web_console/templates/_inner_console_markup.html.erb within layouts/inlined_string (0.3ms)
  Rendered /Users/David/.gem/ruby/2.0.0/gems/web-console-2.1.2/lib/web_console/templates/_prompt_box_markup.html.erb within layouts/inlined_string (0.3ms)
  Rendered /Users/David/.gem/ruby/2.0.0/gems/web-console-2.1.2/lib/web_console/templates/console.js.erb within layouts/javascript (17.1ms)
  Rendered /Users/David/.gem/ruby/2.0.0/gems/web-console-2.1.2/lib/web_console/templates/main.js.erb within layouts/javascript (0.3ms)
  Rendered /Users/David/.gem/ruby/2.0.0/gems/web-console-2.1.2/lib/web_console/templates/error_page.js.erb within layouts/javascript (0.4ms)
  Rendered /Users/David/.gem/ruby/2.0.0/gems/web-console-2.1.2/lib/web_console/templates/index.html.erb (37.3ms)


Started GET "/" for ::1 at 2015-03-22 21:53:24 -0400

ActionController::RoutingError (uninitialized constant FeatureddrinksController):
  activesupport (4.2.0) lib/active_support/inflector/methods.rb:261:in `const_get'
  activesupport (4.2.0) lib/active_support/inflector/methods.rb:261:in `block in constantize'
  activesupport (4.2.0) lib/active_support/inflector/methods.rb:259:in `each'
  activesupport (4.2.0) lib/active_support/inflector/methods.rb:259:in `inject'
  activesupport (4.2.0) lib/active_support/inflector/methods.rb:259:in `constantize'
  actionpack (4.2.0) lib/action_dispatch/routing/route_set.rb:69:in `controller_reference'
  actionpack (4.2.0) lib/action_dispatch/routing/route_set.rb:59:in `controller'
  actionpack (4.2.0) lib/action_dispatch/routing/route_set.rb:38:in `serve'
  actionpack (4.2.0) lib/action_dispatch/journey/router.rb:43:in `block in serve'
  actionpack (4.2.0) lib/action_dispatch/journey/router.rb:30:in `each'
  actionpack (4.2.0) lib/action_dispatch/journey/router.rb:30:in `serve'
  actionpack (4.2.0) lib/action_dispatch/routing/route_set.rb:802:in `call'
  warden (1.2.3) lib/warden/manager.rb:35:in `block in call'
  warden (1.2.3) lib/warden/manager.rb:34:in `catch'
  warden (1.2.3) lib/warden/manager.rb:34:in `call'
  rack (1.6.0) lib/rack/etag.rb:24:in `call'
  rack (1.6.0) lib/rack/conditionalget.rb:25:in `call'
  rack (1.6.0) lib/rack/head.rb:13:in `call'
  actionpack (4.2.0) lib/action_dispatch/middleware/params_parser.rb:27:in `call'
  actionpack (4.2.0) lib/action_dispatch/middleware/flash.rb:260:in `call'
  rack (1.6.0) lib/rack/session/abstract/id.rb:225:in `context'
  rack (1.6.0) lib/rack/session/abstract/id.rb:220:in `call'
  actionpack (4.2.0) lib/action_dispatch/middleware/cookies.rb:560:in `call'
  activerecord (4.2.0) lib/active_record/query_cache.rb:36:in `call'
  activerecord (4.2.0) lib/active_record/connection_adapters/abstract/connection_pool.rb:647:in `call'
  activerecord (4.2.0) lib/active_record/migration.rb:378:in `call'
  actionpack (4.2.0) lib/action_dispatch/middleware/callbacks.rb:29:in `block in call'
  activesupport (4.2.0) lib/active_support/callbacks.rb:88:in `call'
  activesupport (4.2.0) lib/active_support/callbacks.rb:88:in `_run_callbacks'
  activesupport (4.2.0) lib/active_support/callbacks.rb:734:in `_run_call_callbacks'
  activesupport (4.2.0) lib/active_support/callbacks.rb:81:in `run_callbacks'
  actionpack (4.2.0) lib/action_dispatch/middleware/callbacks.rb:27:in `call'
  actionpack (4.2.0) lib/action_dispatch/middleware/reloader.rb:73:in `call'
  actionpack (4.2.0) lib/action_dispatch/middleware/remote_ip.rb:78:in `call'
  actionpack (4.2.0) lib/action_dispatch/middleware/debug_exceptions.rb:17:in `call'
  web-console (2.1.2) lib/web_console/middleware.rb:37:in `call'
  actionpack (4.2.0) lib/action_dispatch/middleware/show_exceptions.rb:30:in `call'
  railties (4.2.0) lib/rails/rack/logger.rb:38:in `call_app'
  railties (4.2.0) lib/rails/rack/logger.rb:20:in `block in call'
  activesupport (4.2.0) lib/active_support/tagged_logging.rb:68:in `block in tagged'
  activesupport (4.2.0) lib/active_support/tagged_logging.rb:26:in `tagged'
  activesupport (4.2.0) lib/active_support/tagged_logging.rb:68:in `tagged'
  railties (4.2.0) lib/rails/rack/logger.rb:20:in `call'
  actionpack (4.2.0) lib/action_dispatch/middleware/request_id.rb:21:in `call'
  rack (1.6.0) lib/rack/methodoverride.rb:22:in `call'
  rack (1.6.0) lib/rack/runtime.rb:18:in `call'
  activesupport (4.2.0) lib/active_support/cache/strategy/local_cache_middleware.rb:28:in `call'
  rack (1.6.0) lib/rack/lock.rb:17:in `call'
  actionpack (4.2.0) lib/action_dispatch/middleware/static.rb:113:in `call'
  rack (1.6.0) lib/rack/sendfile.rb:113:in `call'
  railties (4.2.0) lib/rails/engine.rb:518:in `call'
  railties (4.2.0) lib/rails/application.rb:164:in `call'
  rack (1.6.0) lib/rack/lock.rb:17:in `call'
  rack (1.6.0) lib/rack/content_length.rb:15:in `call'
  rack (1.6.0) lib/rack/handler/webrick.rb:89:in `service'
  /Users/David/.rubies/ruby-2.0.0-p576/lib/ruby/2.0.0/webrick/httpserver.rb:138:in `service'
  /Users/David/.rubies/ruby-2.0.0-p576/lib/ruby/2.0.0/webrick/httpserver.rb:94:in `run'
  /Users/David/.rubies/ruby-2.0.0-p576/lib/ruby/2.0.0/webrick/server.rb:295:in `block in start_thread'


  Rendered /Users/David/.gem/ruby/2.0.0/gems/actionpack-4.2.0/lib/action_dispatch/middleware/templates/rescues/_trace.html.erb (1.6ms)
  Rendered /Users/David/.gem/ruby/2.0.0/gems/actionpack-4.2.0/lib/action_dispatch/middleware/templates/routes/_route.html.erb (1.3ms)
  Rendered /Users/David/.gem/ruby/2.0.0/gems/actionpack-4.2.0/lib/action_dispatch/middleware/templates/routes/_table.html.erb (1.0ms)
  Rendered /Users/David/.gem/ruby/2.0.0/gems/actionpack-4.2.0/lib/action_dispatch/middleware/templates/rescues/_request_and_response.html.erb (1.2ms)
  Rendered /Users/David/.gem/ruby/2.0.0/gems/actionpack-4.2.0/lib/action_dispatch/middleware/templates/rescues/routing_error.html.erb within rescues/layout (32.2ms)
  Rendered /Users/David/.gem/ruby/2.0.0/gems/web-console-2.1.2/lib/web_console/templates/_markup.html.erb (0.3ms)
  Rendered /Users/David/.gem/ruby/2.0.0/gems/web-console-2.1.2/lib/web_console/templates/style.css.erb within layouts/inlined_string (0.3ms)
  Rendered /Users/David/.gem/ruby/2.0.0/gems/web-console-2.1.2/lib/web_console/templates/_inner_console_markup.html.erb within layouts/inlined_string (0.3ms)
  Rendered /Users/David/.gem/ruby/2.0.0/gems/web-console-2.1.2/lib/web_console/templates/_prompt_box_markup.html.erb within layouts/inlined_string (0.3ms)
  Rendered /Users/David/.gem/ruby/2.0.0/gems/web-console-2.1.2/lib/web_console/templates/console.js.erb within layouts/javascript (13.5ms)
  Rendered /Users/David/.gem/ruby/2.0.0/gems/web-console-2.1.2/lib/web_console/templates/main.js.erb within layouts/javascript (0.2ms)
  Rendered /Users/David/.gem/ruby/2.0.0/gems/web-console-2.1.2/lib/web_console/templates/error_page.js.erb within layouts/javascript (0.3ms)
  Rendered /Users/David/.gem/ruby/2.0.0/gems/web-console-2.1.2/lib/web_console/templates/index.html.erb (27.1ms)


Started GET "/" for ::1 at 2015-03-22 21:55:38 -0400
Processing by FeaturedDrinksController#index as HTML
  Rendered featured_drinks/index.html.erb within layouts/application (1.9ms)
Completed 500 Internal Server Error in 8ms

ActionView::Template::Error (undefined method `empty?' for nil:NilClass):
    2:   <div class="large-12">
    3:     <h1>Featured Drinks</h1>
    4: 
    5:     <%- if !@drinks.empty? -%>
    6:       <table>
    7:         <tr>
    8:           <th>Title</th>
  app/views/featured_drinks/index.html.erb:5:in `_app_views_featured_drinks_index_html_erb___4060349754376943999_70219928699000'


  Rendered /Users/David/.gem/ruby/2.0.0/gems/actionpack-4.2.0/lib/action_dispatch/middleware/templates/rescues/_source.erb (5.5ms)
  Rendered /Users/David/.gem/ruby/2.0.0/gems/actionpack-4.2.0/lib/action_dispatch/middleware/templates/rescues/_trace.html.erb (2.5ms)
  Rendered /Users/David/.gem/ruby/2.0.0/gems/actionpack-4.2.0/lib/action_dispatch/middleware/templates/rescues/_request_and_response.html.erb (1.9ms)
  Rendered /Users/David/.gem/ruby/2.0.0/gems/actionpack-4.2.0/lib/action_dispatch/middleware/templates/rescues/template_error.html.erb within rescues/layout (25.1ms)
  Rendered /Users/David/.gem/ruby/2.0.0/gems/web-console-2.1.2/lib/web_console/templates/_markup.html.erb (0.4ms)
  Rendered /Users/David/.gem/ruby/2.0.0/gems/web-console-2.1.2/lib/web_console/templates/style.css.erb within layouts/inlined_string (0.4ms)
  Rendered /Users/David/.gem/ruby/2.0.0/gems/web-console-2.1.2/lib/web_console/templates/_inner_console_markup.html.erb within layouts/inlined_string (0.3ms)
  Rendered /Users/David/.gem/ruby/2.0.0/gems/web-console-2.1.2/lib/web_console/templates/_prompt_box_markup.html.erb within layouts/inlined_string (0.5ms)
  Rendered /Users/David/.gem/ruby/2.0.0/gems/web-console-2.1.2/lib/web_console/templates/console.js.erb within layouts/javascript (71.9ms)
  Rendered /Users/David/.gem/ruby/2.0.0/gems/web-console-2.1.2/lib/web_console/templates/main.js.erb within layouts/javascript (0.4ms)
  Rendered /Users/David/.gem/ruby/2.0.0/gems/web-console-2.1.2/lib/web_console/templates/error_page.js.erb within layouts/javascript (0.5ms)
  Rendered /Users/David/.gem/ruby/2.0.0/gems/web-console-2.1.2/lib/web_console/templates/index.html.erb (94.5ms)


Started GET "/" for ::1 at 2015-03-22 22:40:17 -0400
  [1m[36mActiveRecord::SchemaMigration Load (1.2ms)[0m  [1mSELECT "schema_migrations".* FROM "schema_migrations"[0m
Processing by FeaturedDrinksController#index as HTML
  [1m[35m (1.0ms)[0m  SELECT COUNT(count_column) FROM (SELECT  1 AS count_column FROM "drinks" WHERE "drinks"."featured" = 't' LIMIT 25 OFFSET 0) subquery_for_count
  Rendered featured_drinks/index.html.erb within layouts/application (15.7ms)
Completed 200 OK in 456ms (Views: 442.6ms | ActiveRecord: 4.6ms)


Started GET "/assets/foundation_and_overrides-80d8046ac39f68683fb30a647bd57507.css?body=1" for ::1 at 2015-03-22 22:40:18 -0400


Started GET "/assets/scaffolds-d257664652d4ba877269c0ee0fd56183.css?body=1" for ::1 at 2015-03-22 22:40:18 -0400


Started GET "/assets/application-be65a649e5ce83b149adf6c6bcff9079.css?body=1" for ::1 at 2015-03-22 22:40:18 -0400


Started GET "/assets/foundation/foundation-013a9ecfcbd0d277665f83c66e076e18.js?body=1" for ::1 at 2015-03-22 22:40:18 -0400


Started GET "/assets/foundation/foundation.abide-cecd3b8dfdb9535c145e3160cca57cae.js?body=1" for ::1 at 2015-03-22 22:40:18 -0400


Started GET "/assets/jquery-87424c3c19e96d4fb033c10ebe21ec40.js?body=1" for ::1 at 2015-03-22 22:40:18 -0400


Started GET "/assets/jquery_ujs-e27bd20a10d28155845a22d71ef94f2f.js?body=1" for ::1 at 2015-03-22 22:40:18 -0400


Started GET "/assets/foundation/foundation.alert-e54c2d9000574a39e07b2e6ede6ae0f6.js?body=1" for ::1 at 2015-03-22 22:40:18 -0400


Started GET "/assets/foundation/foundation.dropdown-c6b22cf8e5474c59dc0bc19e2d290da5.js?body=1" for ::1 at 2015-03-22 22:40:18 -0400


Started GET "/assets/foundation/foundation.accordion-07d483c126d868809345e4abbcfd54a5.js?body=1" for ::1 at 2015-03-22 22:40:18 -0400


Started GET "/assets/foundation/foundation.interchange-adf4ca4cb9a1f36677701d7d06489ead.js?body=1" for ::1 at 2015-03-22 22:40:18 -0400


Started GET "/assets/foundation/foundation.joyride-7f23c30298ef55f2db505f357bd4a799.js?body=1" for ::1 at 2015-03-22 22:40:18 -0400


Started GET "/assets/foundation/foundation.clearing-b0828edefaad3278cd85c2faf6fd20ef.js?body=1" for ::1 at 2015-03-22 22:40:18 -0400


Started GET "/assets/foundation/foundation.magellan-8cd3c13f48f6d78fb172bb5200551918.js?body=1" for ::1 at 2015-03-22 22:40:18 -0400


Started GET "/assets/foundation/foundation.offcanvas-0c2112e52f2de840e27058c4912dd869.js?body=1" for ::1 at 2015-03-22 22:40:18 -0400


Started GET "/assets/foundation/foundation.orbit-925ec65dcf6be03dd5c7a1d472845b27.js?body=1" for ::1 at 2015-03-22 22:40:18 -0400


Started GET "/assets/foundation/foundation.slider-66a6fcccc01097ba84b9e9fb84a429ef.js?body=1" for ::1 at 2015-03-22 22:40:18 -0400


Started GET "/assets/foundation/foundation.tab-0d9dd6504af28bc75bdb999fbb120872.js?body=1" for ::1 at 2015-03-22 22:40:18 -0400


Started GET "/assets/foundation/foundation.tooltip-5214a0ecffb0be84dc9247c31455ef50.js?body=1" for ::1 at 2015-03-22 22:40:18 -0400


Started GET "/assets/foundation/foundation.reveal-7bd8d9ca180151af16ff7678033f8212.js?body=1" for ::1 at 2015-03-22 22:40:18 -0400


Started GET "/assets/foundation/foundation.topbar-ba04adaaf787a047a2bc9195842bb938.js?body=1" for ::1 at 2015-03-22 22:40:18 -0400


Started GET "/assets/foundation-cf9c2be01a146b330f05b712f6779903.js?body=1" for ::1 at 2015-03-22 22:40:18 -0400


Started GET "/assets/foundation/foundation.equalizer-b93ba11c4146c58dd7d95ba14769e640.js?body=1" for ::1 at 2015-03-22 22:40:18 -0400


Started GET "/assets/application-7b0fcdfa40208ffc00053de20a565c53.js?body=1" for ::1 at 2015-03-22 22:40:18 -0400


Started GET "/drinks" for ::1 at 2015-03-22 22:40:24 -0400
Processing by DrinksController#index as HTML
  [1m[36m (0.6ms)[0m  [1mSELECT COUNT(count_column) FROM (SELECT  1 AS count_column FROM "drinks" LIMIT 25 OFFSET 0) subquery_for_count[0m
  Rendered drinks/index.html.erb within layouts/application (2.2ms)
Completed 200 OK in 137ms (Views: 135.7ms | ActiveRecord: 0.6ms)


Started GET "/assets/foundation_and_overrides-80d8046ac39f68683fb30a647bd57507.css?body=1" for ::1 at 2015-03-22 22:40:24 -0400


Started GET "/assets/scaffolds-d257664652d4ba877269c0ee0fd56183.css?body=1" for ::1 at 2015-03-22 22:40:24 -0400


Started GET "/assets/application-be65a649e5ce83b149adf6c6bcff9079.css?body=1" for ::1 at 2015-03-22 22:40:24 -0400


Started GET "/assets/jquery_ujs-e27bd20a10d28155845a22d71ef94f2f.js?body=1" for ::1 at 2015-03-22 22:40:24 -0400


Started GET "/assets/jquery-87424c3c19e96d4fb033c10ebe21ec40.js?body=1" for ::1 at 2015-03-22 22:40:24 -0400


Started GET "/assets/foundation/foundation-013a9ecfcbd0d277665f83c66e076e18.js?body=1" for ::1 at 2015-03-22 22:40:24 -0400


Started GET "/assets/foundation/foundation.abide-cecd3b8dfdb9535c145e3160cca57cae.js?body=1" for ::1 at 2015-03-22 22:40:24 -0400


Started GET "/assets/foundation/foundation.accordion-07d483c126d868809345e4abbcfd54a5.js?body=1" for ::1 at 2015-03-22 22:40:24 -0400


Started GET "/assets/foundation/foundation.alert-e54c2d9000574a39e07b2e6ede6ae0f6.js?body=1" for ::1 at 2015-03-22 22:40:24 -0400


Started GET "/assets/foundation/foundation.clearing-b0828edefaad3278cd85c2faf6fd20ef.js?body=1" for ::1 at 2015-03-22 22:40:24 -0400


Started GET "/assets/foundation/foundation.dropdown-c6b22cf8e5474c59dc0bc19e2d290da5.js?body=1" for ::1 at 2015-03-22 22:40:24 -0400


Started GET "/assets/foundation/foundation.interchange-adf4ca4cb9a1f36677701d7d06489ead.js?body=1" for ::1 at 2015-03-22 22:40:24 -0400


Started GET "/assets/foundation/foundation.joyride-7f23c30298ef55f2db505f357bd4a799.js?body=1" for ::1 at 2015-03-22 22:40:24 -0400


Started GET "/assets/foundation/foundation.magellan-8cd3c13f48f6d78fb172bb5200551918.js?body=1" for ::1 at 2015-03-22 22:40:24 -0400


Started GET "/assets/foundation/foundation.offcanvas-0c2112e52f2de840e27058c4912dd869.js?body=1" for ::1 at 2015-03-22 22:40:24 -0400


Started GET "/assets/foundation/foundation.orbit-925ec65dcf6be03dd5c7a1d472845b27.js?body=1" for ::1 at 2015-03-22 22:40:24 -0400


Started GET "/assets/foundation/foundation.reveal-7bd8d9ca180151af16ff7678033f8212.js?body=1" for ::1 at 2015-03-22 22:40:24 -0400


Started GET "/assets/foundation/foundation.slider-66a6fcccc01097ba84b9e9fb84a429ef.js?body=1" for ::1 at 2015-03-22 22:40:24 -0400


Started GET "/assets/foundation/foundation.tab-0d9dd6504af28bc75bdb999fbb120872.js?body=1" for ::1 at 2015-03-22 22:40:25 -0400


Started GET "/assets/foundation/foundation.tooltip-5214a0ecffb0be84dc9247c31455ef50.js?body=1" for ::1 at 2015-03-22 22:40:25 -0400


Started GET "/assets/foundation/foundation.topbar-ba04adaaf787a047a2bc9195842bb938.js?body=1" for ::1 at 2015-03-22 22:40:25 -0400


Started GET "/assets/foundation/foundation.equalizer-b93ba11c4146c58dd7d95ba14769e640.js?body=1" for ::1 at 2015-03-22 22:40:25 -0400


Started GET "/assets/foundation-cf9c2be01a146b330f05b712f6779903.js?body=1" for ::1 at 2015-03-22 22:40:25 -0400


Started GET "/assets/application-7b0fcdfa40208ffc00053de20a565c53.js?body=1" for ::1 at 2015-03-22 22:40:25 -0400


Started GET "/drinks/new" for ::1 at 2015-03-22 22:40:30 -0400
Processing by DrinksController#new as HTML
  Rendered drinks/new.html.erb within layouts/application (25.1ms)
Completed 200 OK in 160ms (Views: 154.2ms | ActiveRecord: 1.4ms)


Started GET "/assets/foundation_and_overrides-80d8046ac39f68683fb30a647bd57507.css?body=1" for ::1 at 2015-03-22 22:40:30 -0400


Started GET "/assets/jquery_ujs-e27bd20a10d28155845a22d71ef94f2f.js?body=1" for ::1 at 2015-03-22 22:40:30 -0400


Started GET "/assets/scaffolds-d257664652d4ba877269c0ee0fd56183.css?body=1" for ::1 at 2015-03-22 22:40:30 -0400


Started GET "/assets/jquery-87424c3c19e96d4fb033c10ebe21ec40.js?body=1" for ::1 at 2015-03-22 22:40:30 -0400


Started GET "/assets/application-be65a649e5ce83b149adf6c6bcff9079.css?body=1" for ::1 at 2015-03-22 22:40:30 -0400


Started GET "/assets/foundation/foundation-013a9ecfcbd0d277665f83c66e076e18.js?body=1" for ::1 at 2015-03-22 22:40:30 -0400


Started GET "/assets/foundation/foundation.abide-cecd3b8dfdb9535c145e3160cca57cae.js?body=1" for ::1 at 2015-03-22 22:40:30 -0400


Started GET "/assets/foundation/foundation.accordion-07d483c126d868809345e4abbcfd54a5.js?body=1" for ::1 at 2015-03-22 22:40:30 -0400


Started GET "/assets/foundation/foundation.alert-e54c2d9000574a39e07b2e6ede6ae0f6.js?body=1" for ::1 at 2015-03-22 22:40:30 -0400


Started GET "/assets/foundation/foundation.clearing-b0828edefaad3278cd85c2faf6fd20ef.js?body=1" for ::1 at 2015-03-22 22:40:30 -0400


Started GET "/assets/foundation/foundation.dropdown-c6b22cf8e5474c59dc0bc19e2d290da5.js?body=1" for ::1 at 2015-03-22 22:40:30 -0400


Started GET "/assets/foundation/foundation.interchange-adf4ca4cb9a1f36677701d7d06489ead.js?body=1" for ::1 at 2015-03-22 22:40:30 -0400


Started GET "/assets/foundation/foundation.joyride-7f23c30298ef55f2db505f357bd4a799.js?body=1" for ::1 at 2015-03-22 22:40:30 -0400


Started GET "/assets/foundation/foundation.magellan-8cd3c13f48f6d78fb172bb5200551918.js?body=1" for ::1 at 2015-03-22 22:40:30 -0400


Started GET "/assets/foundation/foundation.offcanvas-0c2112e52f2de840e27058c4912dd869.js?body=1" for ::1 at 2015-03-22 22:40:30 -0400


Started GET "/assets/foundation/foundation.orbit-925ec65dcf6be03dd5c7a1d472845b27.js?body=1" for ::1 at 2015-03-22 22:40:30 -0400


Started GET "/assets/foundation/foundation.reveal-7bd8d9ca180151af16ff7678033f8212.js?body=1" for ::1 at 2015-03-22 22:40:30 -0400


Started GET "/assets/foundation/foundation.slider-66a6fcccc01097ba84b9e9fb84a429ef.js?body=1" for ::1 at 2015-03-22 22:40:30 -0400


Started GET "/assets/foundation/foundation.tab-0d9dd6504af28bc75bdb999fbb120872.js?body=1" for ::1 at 2015-03-22 22:40:30 -0400


Started GET "/assets/foundation/foundation.tooltip-5214a0ecffb0be84dc9247c31455ef50.js?body=1" for ::1 at 2015-03-22 22:40:30 -0400


Started GET "/assets/foundation/foundation.topbar-ba04adaaf787a047a2bc9195842bb938.js?body=1" for ::1 at 2015-03-22 22:40:30 -0400


Started GET "/assets/foundation/foundation.equalizer-b93ba11c4146c58dd7d95ba14769e640.js?body=1" for ::1 at 2015-03-22 22:40:30 -0400


Started GET "/assets/foundation-cf9c2be01a146b330f05b712f6779903.js?body=1" for ::1 at 2015-03-22 22:40:30 -0400


Started GET "/assets/application-7b0fcdfa40208ffc00053de20a565c53.js?body=1" for ::1 at 2015-03-22 22:40:30 -0400


Started POST "/drinks" for ::1 at 2015-03-22 22:40:36 -0400
Processing by DrinksController#create as HTML
  Parameters: {"utf8"=>"✓", "authenticity_token"=>"KJBWaAmACoyy1iIDXSplWjsD12uFeA4EjqNgh23cqe+HTTkmrC+PdcvjlrYlkOUlJWFkMNFLMP05Z9j9iHRu3Q==", "drink"=>{"title"=>"yo", "description"=>"hi"}, "commit"=>"Add Drink"}
  [1m[35m (0.4ms)[0m  BEGIN
  [1m[36mDrink Exists (1.3ms)[0m  [1mSELECT  1 AS one FROM "drinks" WHERE "drinks"."title" = 'yo' LIMIT 1[0m
  [1m[35m (0.3ms)[0m  ROLLBACK
  Rendered drinks/new.html.erb within layouts/application (3.4ms)
Completed 200 OK in 197ms (Views: 164.7ms | ActiveRecord: 2.0ms)


Started GET "/assets/foundation_and_overrides-80d8046ac39f68683fb30a647bd57507.css?body=1" for ::1 at 2015-03-22 22:40:36 -0400


Started GET "/assets/jquery_ujs-e27bd20a10d28155845a22d71ef94f2f.js?body=1" for ::1 at 2015-03-22 22:40:36 -0400


Started GET "/assets/jquery-87424c3c19e96d4fb033c10ebe21ec40.js?body=1" for ::1 at 2015-03-22 22:40:36 -0400


Started GET "/assets/scaffolds-d257664652d4ba877269c0ee0fd56183.css?body=1" for ::1 at 2015-03-22 22:40:36 -0400


Started GET "/assets/foundation/foundation-013a9ecfcbd0d277665f83c66e076e18.js?body=1" for ::1 at 2015-03-22 22:40:36 -0400


Started GET "/assets/application-be65a649e5ce83b149adf6c6bcff9079.css?body=1" for ::1 at 2015-03-22 22:40:36 -0400


Started GET "/assets/foundation/foundation.abide-cecd3b8dfdb9535c145e3160cca57cae.js?body=1" for ::1 at 2015-03-22 22:40:36 -0400


Started GET "/assets/foundation/foundation.accordion-07d483c126d868809345e4abbcfd54a5.js?body=1" for ::1 at 2015-03-22 22:40:36 -0400


Started GET "/assets/foundation/foundation.alert-e54c2d9000574a39e07b2e6ede6ae0f6.js?body=1" for ::1 at 2015-03-22 22:40:36 -0400


Started GET "/assets/foundation/foundation.clearing-b0828edefaad3278cd85c2faf6fd20ef.js?body=1" for ::1 at 2015-03-22 22:40:36 -0400


Started GET "/assets/foundation/foundation.dropdown-c6b22cf8e5474c59dc0bc19e2d290da5.js?body=1" for ::1 at 2015-03-22 22:40:36 -0400


Started GET "/assets/foundation/foundation.interchange-adf4ca4cb9a1f36677701d7d06489ead.js?body=1" for ::1 at 2015-03-22 22:40:36 -0400


Started GET "/assets/foundation/foundation.magellan-8cd3c13f48f6d78fb172bb5200551918.js?body=1" for ::1 at 2015-03-22 22:40:36 -0400


Started GET "/assets/foundation/foundation.offcanvas-0c2112e52f2de840e27058c4912dd869.js?body=1" for ::1 at 2015-03-22 22:40:37 -0400


Started GET "/assets/foundation/foundation.joyride-7f23c30298ef55f2db505f357bd4a799.js?body=1" for ::1 at 2015-03-22 22:40:37 -0400


Started GET "/assets/foundation/foundation.orbit-925ec65dcf6be03dd5c7a1d472845b27.js?body=1" for ::1 at 2015-03-22 22:40:37 -0400


Started GET "/assets/foundation/foundation.reveal-7bd8d9ca180151af16ff7678033f8212.js?body=1" for ::1 at 2015-03-22 22:40:37 -0400


Started GET "/assets/foundation/foundation.slider-66a6fcccc01097ba84b9e9fb84a429ef.js?body=1" for ::1 at 2015-03-22 22:40:37 -0400


Started GET "/assets/foundation/foundation.tab-0d9dd6504af28bc75bdb999fbb120872.js?body=1" for ::1 at 2015-03-22 22:40:37 -0400


Started GET "/assets/foundation/foundation.tooltip-5214a0ecffb0be84dc9247c31455ef50.js?body=1" for ::1 at 2015-03-22 22:40:37 -0400


Started GET "/assets/foundation/foundation.topbar-ba04adaaf787a047a2bc9195842bb938.js?body=1" for ::1 at 2015-03-22 22:40:37 -0400


Started GET "/assets/foundation/foundation.equalizer-b93ba11c4146c58dd7d95ba14769e640.js?body=1" for ::1 at 2015-03-22 22:40:37 -0400


Started GET "/assets/foundation-cf9c2be01a146b330f05b712f6779903.js?body=1" for ::1 at 2015-03-22 22:40:37 -0400


Started GET "/assets/application-7b0fcdfa40208ffc00053de20a565c53.js?body=1" for ::1 at 2015-03-22 22:40:37 -0400


Started POST "/drinks" for ::1 at 2015-03-22 22:40:43 -0400
Processing by DrinksController#create as HTML
  Parameters: {"utf8"=>"✓", "authenticity_token"=>"jW8sJ0KoYQmL06+141lKQXvBR8/p1QhqBspsuRPSg50iskNp5wfk8PLmGwCb48o+ZaP0lL3mNpOxDtTD9npErw==", "drink"=>{"title"=>"super awesome", "description"=>"hi"}, "commit"=>"Add Drink"}
  [1m[36m (0.2ms)[0m  [1mBEGIN[0m
  [1m[35mDrink Exists (0.6ms)[0m  SELECT  1 AS one FROM "drinks" WHERE "drinks"."title" = 'super awesome' LIMIT 1
  [1m[36mSQL (0.7ms)[0m  [1mINSERT INTO "drinks" ("title", "description", "created_at", "updated_at") VALUES ($1, $2, $3, $4) RETURNING "id"[0m  [["title", "super awesome"], ["description", "hi"], ["created_at", "2015-03-23 02:40:43.974119"], ["updated_at", "2015-03-23 02:40:43.974119"]]
  [1m[35m (2.1ms)[0m  COMMIT
Redirected to http://localhost:3000/drinks
Completed 302 Found in 9ms (ActiveRecord: 3.7ms)


Started GET "/drinks" for ::1 at 2015-03-22 22:40:43 -0400
Processing by DrinksController#index as HTML
  [1m[36m (0.6ms)[0m  [1mSELECT COUNT(count_column) FROM (SELECT  1 AS count_column FROM "drinks" LIMIT 25 OFFSET 0) subquery_for_count[0m
  [1m[35mDrink Load (0.3ms)[0m  SELECT  "drinks".* FROM "drinks" LIMIT 25 OFFSET 0
  [1m[36m (0.3ms)[0m  [1mSELECT COUNT(*) FROM "drinks"[0m
  Rendered drinks/index.html.erb within layouts/application (10.9ms)
Completed 200 OK in 138ms (Views: 136.7ms | ActiveRecord: 1.3ms)


Started GET "/assets/foundation_and_overrides-80d8046ac39f68683fb30a647bd57507.css?body=1" for ::1 at 2015-03-22 22:40:44 -0400


Started GET "/assets/application-be65a649e5ce83b149adf6c6bcff9079.css?body=1" for ::1 at 2015-03-22 22:40:44 -0400


Started GET "/assets/jquery_ujs-e27bd20a10d28155845a22d71ef94f2f.js?body=1" for ::1 at 2015-03-22 22:40:44 -0400


Started GET "/assets/scaffolds-d257664652d4ba877269c0ee0fd56183.css?body=1" for ::1 at 2015-03-22 22:40:44 -0400


Started GET "/assets/foundation/foundation-013a9ecfcbd0d277665f83c66e076e18.js?body=1" for ::1 at 2015-03-22 22:40:44 -0400


Started GET "/assets/jquery-87424c3c19e96d4fb033c10ebe21ec40.js?body=1" for ::1 at 2015-03-22 22:40:44 -0400


Started GET "/assets/foundation/foundation.abide-cecd3b8dfdb9535c145e3160cca57cae.js?body=1" for ::1 at 2015-03-22 22:40:44 -0400


Started GET "/assets/foundation/foundation.accordion-07d483c126d868809345e4abbcfd54a5.js?body=1" for ::1 at 2015-03-22 22:40:44 -0400


Started GET "/assets/foundation/foundation.alert-e54c2d9000574a39e07b2e6ede6ae0f6.js?body=1" for ::1 at 2015-03-22 22:40:44 -0400


Started GET "/assets/foundation/foundation.clearing-b0828edefaad3278cd85c2faf6fd20ef.js?body=1" for ::1 at 2015-03-22 22:40:44 -0400


Started GET "/assets/foundation/foundation.dropdown-c6b22cf8e5474c59dc0bc19e2d290da5.js?body=1" for ::1 at 2015-03-22 22:40:44 -0400


Started GET "/assets/foundation/foundation.interchange-adf4ca4cb9a1f36677701d7d06489ead.js?body=1" for ::1 at 2015-03-22 22:40:44 -0400


Started GET "/assets/foundation/foundation.joyride-7f23c30298ef55f2db505f357bd4a799.js?body=1" for ::1 at 2015-03-22 22:40:44 -0400


Started GET "/assets/foundation/foundation.magellan-8cd3c13f48f6d78fb172bb5200551918.js?body=1" for ::1 at 2015-03-22 22:40:44 -0400


Started GET "/assets/foundation/foundation.offcanvas-0c2112e52f2de840e27058c4912dd869.js?body=1" for ::1 at 2015-03-22 22:40:44 -0400


Started GET "/assets/foundation/foundation.orbit-925ec65dcf6be03dd5c7a1d472845b27.js?body=1" for ::1 at 2015-03-22 22:40:44 -0400


Started GET "/assets/foundation/foundation.reveal-7bd8d9ca180151af16ff7678033f8212.js?body=1" for ::1 at 2015-03-22 22:40:44 -0400


Started GET "/assets/foundation/foundation.slider-66a6fcccc01097ba84b9e9fb84a429ef.js?body=1" for ::1 at 2015-03-22 22:40:44 -0400


Started GET "/assets/foundation/foundation.tab-0d9dd6504af28bc75bdb999fbb120872.js?body=1" for ::1 at 2015-03-22 22:40:44 -0400


Started GET "/assets/foundation/foundation.tooltip-5214a0ecffb0be84dc9247c31455ef50.js?body=1" for ::1 at 2015-03-22 22:40:44 -0400


Started GET "/assets/foundation/foundation.topbar-ba04adaaf787a047a2bc9195842bb938.js?body=1" for ::1 at 2015-03-22 22:40:44 -0400


Started GET "/assets/foundation/foundation.equalizer-b93ba11c4146c58dd7d95ba14769e640.js?body=1" for ::1 at 2015-03-22 22:40:44 -0400


Started GET "/assets/foundation-cf9c2be01a146b330f05b712f6779903.js?body=1" for ::1 at 2015-03-22 22:40:44 -0400


Started GET "/assets/application-7b0fcdfa40208ffc00053de20a565c53.js?body=1" for ::1 at 2015-03-22 22:40:44 -0400


Started GET "/" for ::1 at 2015-03-22 22:40:46 -0400
Processing by FeaturedDrinksController#index as HTML
  [1m[35m (0.6ms)[0m  SELECT COUNT(count_column) FROM (SELECT  1 AS count_column FROM "drinks" WHERE "drinks"."featured" = 't' LIMIT 25 OFFSET 0) subquery_for_count
  Rendered featured_drinks/index.html.erb within layouts/application (1.9ms)
Completed 200 OK in 149ms (Views: 147.6ms | ActiveRecord: 0.6ms)


Started GET "/assets/foundation_and_overrides-80d8046ac39f68683fb30a647bd57507.css?body=1" for ::1 at 2015-03-22 22:40:46 -0400


Started GET "/assets/foundation/foundation-013a9ecfcbd0d277665f83c66e076e18.js?body=1" for ::1 at 2015-03-22 22:40:46 -0400


Started GET "/assets/application-be65a649e5ce83b149adf6c6bcff9079.css?body=1" for ::1 at 2015-03-22 22:40:46 -0400


Started GET "/assets/scaffolds-d257664652d4ba877269c0ee0fd56183.css?body=1" for ::1 at 2015-03-22 22:40:46 -0400


Started GET "/assets/jquery_ujs-e27bd20a10d28155845a22d71ef94f2f.js?body=1" for ::1 at 2015-03-22 22:40:46 -0400


Started GET "/assets/jquery-87424c3c19e96d4fb033c10ebe21ec40.js?body=1" for ::1 at 2015-03-22 22:40:46 -0400


Started GET "/assets/foundation/foundation.abide-cecd3b8dfdb9535c145e3160cca57cae.js?body=1" for ::1 at 2015-03-22 22:40:46 -0400


Started GET "/assets/foundation/foundation.accordion-07d483c126d868809345e4abbcfd54a5.js?body=1" for ::1 at 2015-03-22 22:40:46 -0400


Started GET "/assets/foundation/foundation.alert-e54c2d9000574a39e07b2e6ede6ae0f6.js?body=1" for ::1 at 2015-03-22 22:40:46 -0400


Started GET "/assets/foundation/foundation.clearing-b0828edefaad3278cd85c2faf6fd20ef.js?body=1" for ::1 at 2015-03-22 22:40:46 -0400


Started GET "/assets/foundation/foundation.dropdown-c6b22cf8e5474c59dc0bc19e2d290da5.js?body=1" for ::1 at 2015-03-22 22:40:46 -0400


Started GET "/assets/foundation/foundation.interchange-adf4ca4cb9a1f36677701d7d06489ead.js?body=1" for ::1 at 2015-03-22 22:40:46 -0400


Started GET "/assets/foundation/foundation.joyride-7f23c30298ef55f2db505f357bd4a799.js?body=1" for ::1 at 2015-03-22 22:40:46 -0400


Started GET "/assets/foundation/foundation.magellan-8cd3c13f48f6d78fb172bb5200551918.js?body=1" for ::1 at 2015-03-22 22:40:46 -0400


Started GET "/assets/foundation/foundation.offcanvas-0c2112e52f2de840e27058c4912dd869.js?body=1" for ::1 at 2015-03-22 22:40:46 -0400


Started GET "/assets/foundation/foundation.orbit-925ec65dcf6be03dd5c7a1d472845b27.js?body=1" for ::1 at 2015-03-22 22:40:46 -0400


Started GET "/assets/foundation/foundation.reveal-7bd8d9ca180151af16ff7678033f8212.js?body=1" for ::1 at 2015-03-22 22:40:46 -0400


Started GET "/assets/foundation/foundation.slider-66a6fcccc01097ba84b9e9fb84a429ef.js?body=1" for ::1 at 2015-03-22 22:40:46 -0400


Started GET "/assets/foundation/foundation.tab-0d9dd6504af28bc75bdb999fbb120872.js?body=1" for ::1 at 2015-03-22 22:40:46 -0400


Started GET "/assets/foundation/foundation.tooltip-5214a0ecffb0be84dc9247c31455ef50.js?body=1" for ::1 at 2015-03-22 22:40:46 -0400


Started GET "/assets/foundation/foundation.topbar-ba04adaaf787a047a2bc9195842bb938.js?body=1" for ::1 at 2015-03-22 22:40:46 -0400


Started GET "/assets/foundation/foundation.equalizer-b93ba11c4146c58dd7d95ba14769e640.js?body=1" for ::1 at 2015-03-22 22:40:46 -0400


Started GET "/assets/foundation-cf9c2be01a146b330f05b712f6779903.js?body=1" for ::1 at 2015-03-22 22:40:46 -0400


Started GET "/assets/application-7b0fcdfa40208ffc00053de20a565c53.js?body=1" for ::1 at 2015-03-22 22:40:46 -0400
